# JRE version: OpenJDK Runtime Environment Temurin-17.0.12+7 (17.0.12+7) (build 17.0.12+7)
# Java VM: OpenJDK 64-Bit Server VM Temurin-17.0.12+7 (17.0.12+7, mixed mode, tiered, compressed oops, compressed class ptrs, parallel gc, windows-amd64)
GC Precious Log:
 CPUs: 2 total, 2 available
 Memory: 6109M
 Large Page Support: Disabled
 NUMA Support: Disabled
 Compressed Oops: Enabled (32-bit)
 Alignments: Space 512K, Generation 512K, Heap 2M
 Heap Min Capacity: 100M
 Heap Initial Capacity: 100M
 Heap Max Capacity: 1G
 Pre-touch: Disabled
 Parallel Workers: 2
Heap:
 PSYoungGen      total 10240K, used 10224K [0x00000000eab00000, 0x00000000eb880000, 0x0000000100000000)
  eden space 7680K, 100% used [0x00000000eab00000,0x00000000eb280000,0x00000000eb280000)
  from space 2560K, 99% used [0x00000000eb300000,0x00000000eb57c070,0x00000000eb580000)
  to   space 3072K, 74% used [0x00000000eb580000,0x00000000eb7bc070,0x00000000eb880000)
 ParOldGen       total 699392K, used 153564K [0x00000000c0000000, 0x00000000eab00000, 0x00000000eab00000)
  object space 699392K, 21% used [0x00000000c0000000,0x00000000c95f7110,0x00000000eab00000)
 Metaspace       used 94565K, committed 95936K, reserved 1179648K
  class space    used 9576K, committed 10240K, reserved 1048576K
GC Heap History (20 events):
Event: 2180.780 GC heap after
{Heap after GC invocations=3483 (full 33):
 PSYoungGen      total 10752K, used 1984K [0x00000000eab00000, 0x00000000eb980000, 0x0000000100000000)
  eden space 8704K, 0% used [0x00000000eab00000,0x00000000eab00000,0x00000000eb380000)
  from space 2048K, 96% used [0x00000000eb780000,0x00000000eb970040,0x00000000eb980000)
  to   space 2048K, 0% used [0x00000000eb500000,0x00000000eb500000,0x00000000eb700000)
 ParOldGen       total 166912K, used 151004K [0x00000000c0000000, 0x00000000ca300000, 0x00000000eab00000)
  object space 166912K, 90% used [0x00000000c0000000,0x00000000c9377280,0x00000000ca300000)
 Metaspace       used 94557K, committed 95936K, reserved 1179648K
  class space    used 9576K, committed 10240K, reserved 1048576K
}
Event: 2181.608 GC heap before
{Heap before GC invocations=3484 (full 33):
 PSYoungGen      total 10752K, used 10688K [0x00000000eab00000, 0x00000000eb980000, 0x0000000100000000)
  eden space 8704K, 100% used [0x00000000eab00000,0x00000000eb380000,0x00000000eb380000)
  from space 2048K, 96% used [0x00000000eb780000,0x00000000eb970040,0x00000000eb980000)
  to   space 2048K, 0% used [0x00000000eb500000,0x00000000eb500000,0x00000000eb700000)
 ParOldGen       total 166912K, used 151004K [0x00000000c0000000, 0x00000000ca300000, 0x00000000eab00000)
  object space 166912K, 90% used [0x00000000c0000000,0x00000000c9377280,0x00000000ca300000)
 Metaspace       used 94557K, committed 95936K, reserved 1179648K
  class space    used 9576K, committed 10240K, reserved 1048576K
}
Event: 2181.614 GC heap after
{Heap after GC invocations=3484 (full 33):
 PSYoungGen      total 10752K, used 2000K [0x00000000eab00000, 0x00000000eb800000, 0x0000000100000000)
  eden space 8704K, 0% used [0x00000000eab00000,0x00000000eab00000,0x00000000eb380000)
  from space 2048K, 97% used [0x00000000eb500000,0x00000000eb6f4030,0x00000000eb700000)
  to   space 1024K, 0% used [0x00000000eb700000,0x00000000eb700000,0x00000000eb800000)
 ParOldGen       total 166912K, used 151004K [0x00000000c0000000, 0x00000000ca300000, 0x00000000eab00000)
  object space 166912K, 90% used [0x00000000c0000000,0x00000000c9377280,0x00000000ca300000)
 Metaspace       used 94557K, committed 95936K, reserved 1179648K
  class space    used 9576K, committed 10240K, reserved 1048576K
}
Event: 2182.709 GC heap before
{Heap before GC invocations=3485 (full 33):
 PSYoungGen      total 10752K, used 10698K [0x00000000eab00000, 0x00000000eb800000, 0x0000000100000000)
  eden space 8704K, 99% used [0x00000000eab00000,0x00000000eb37eae0,0x00000000eb380000)
  from space 2048K, 97% used [0x00000000eb500000,0x00000000eb6f4030,0x00000000eb700000)
  to   space 1024K, 0% used [0x00000000eb700000,0x00000000eb700000,0x00000000eb800000)
 ParOldGen       total 166912K, used 151004K [0x00000000c0000000, 0x00000000ca300000, 0x00000000eab00000)
  object space 166912K, 90% used [0x00000000c0000000,0x00000000c9377280,0x00000000ca300000)
 Metaspace       used 94559K, committed 95936K, reserved 1179648K
  class space    used 9576K, committed 10240K, reserved 1048576K
}
Event: 2182.715 GC heap after
{Heap after GC invocations=3485 (full 33):
 PSYoungGen      total 9728K, used 1024K [0x00000000eab00000, 0x00000000eb800000, 0x0000000100000000)
  eden space 8704K, 0% used [0x00000000eab00000,0x00000000eab00000,0x00000000eb380000)
  from space 1024K, 100% used [0x00000000eb700000,0x00000000eb800000,0x00000000eb800000)
  to   space 2048K, 0% used [0x00000000eb400000,0x00000000eb400000,0x00000000eb600000)
 ParOldGen       total 166912K, used 151756K [0x00000000c0000000, 0x00000000ca300000, 0x00000000eab00000)
  object space 166912K, 90% used [0x00000000c0000000,0x00000000c94332c0,0x00000000ca300000)
 Metaspace       used 94559K, committed 95936K, reserved 1179648K
  class space    used 9576K, committed 10240K, reserved 1048576K
}
Event: 2184.815 GC heap before
{Heap before GC invocations=3486 (full 33):
 PSYoungGen      total 9728K, used 9728K [0x00000000eab00000, 0x00000000eb800000, 0x0000000100000000)
  eden space 8704K, 100% used [0x00000000eab00000,0x00000000eb380000,0x00000000eb380000)
  from space 1024K, 100% used [0x00000000eb700000,0x00000000eb800000,0x00000000eb800000)
  to   space 2048K, 0% used [0x00000000eb400000,0x00000000eb400000,0x00000000eb600000)
 ParOldGen       total 166912K, used 151756K [0x00000000c0000000, 0x00000000ca300000, 0x00000000eab00000)
  object space 166912K, 90% used [0x00000000c0000000,0x00000000c94332c0,0x00000000ca300000)
 Metaspace       used 94565K, committed 95936K, reserved 1179648K
  class space    used 9576K, committed 10240K, reserved 1048576K
}
Event: 2184.824 GC heap after
{Heap after GC invocations=3486 (full 33):
 PSYoungGen      total 10752K, used 1712K [0x00000000eab00000, 0x00000000eb780000, 0x0000000100000000)
  eden space 8704K, 0% used [0x00000000eab00000,0x00000000eab00000,0x00000000eb380000)
  from space 2048K, 83% used [0x00000000eb400000,0x00000000eb5ac050,0x00000000eb600000)
  to   space 1536K, 0% used [0x00000000eb600000,0x00000000eb600000,0x00000000eb780000)
 ParOldGen       total 166912K, used 151843K [0x00000000c0000000, 0x00000000ca300000, 0x00000000eab00000)
  object space 166912K, 90% used [0x00000000c0000000,0x00000000c9448d00,0x00000000ca300000)
 Metaspace       used 94565K, committed 95936K, reserved 1179648K
  class space    used 9576K, committed 10240K, reserved 1048576K
}
Event: 2186.387 GC heap before
{Heap before GC invocations=3487 (full 33):
 PSYoungGen      total 10752K, used 10416K [0x00000000eab00000, 0x00000000eb780000, 0x0000000100000000)
  eden space 8704K, 99% used [0x00000000eab00000,0x00000000eb37ffe0,0x00000000eb380000)
  from space 2048K, 83% used [0x00000000eb400000,0x00000000eb5ac050,0x00000000eb600000)
  to   space 1536K, 0% used [0x00000000eb600000,0x00000000eb600000,0x00000000eb780000)
 ParOldGen       total 166912K, used 151843K [0x00000000c0000000, 0x00000000ca300000, 0x00000000eab00000)
  object space 166912K, 90% used [0x00000000c0000000,0x00000000c9448d00,0x00000000ca300000)
 Metaspace       used 94565K, committed 95936K, reserved 1179648K
  class space    used 9576K, committed 10240K, reserved 1048576K
}
Event: 2186.393 GC heap after
{Heap after GC invocations=3487 (full 33):
 PSYoungGen      total 10240K, used 1504K [0x00000000eab00000, 0x00000000eb880000, 0x0000000100000000)
  eden space 8704K, 0% used [0x00000000eab00000,0x00000000eab00000,0x00000000eb380000)
  from space 1536K, 97% used [0x00000000eb600000,0x00000000eb778040,0x00000000eb780000)
  to   space 2560K, 0% used [0x00000000eb380000,0x00000000eb380000,0x00000000eb600000)
 ParOldGen       total 166912K, used 152344K [0x00000000c0000000, 0x00000000ca300000, 0x00000000eab00000)
  object space 166912K, 91% used [0x00000000c0000000,0x00000000c94c61a0,0x00000000ca300000)
 Metaspace       used 94565K, committed 95936K, reserved 1179648K
  class space    used 9576K, committed 10240K, reserved 1048576K
}
Event: 2187.116 GC heap before
{Heap before GC invocations=3488 (full 33):
 PSYoungGen      total 10240K, used 10207K [0x00000000eab00000, 0x00000000eb880000, 0x0000000100000000)
  eden space 8704K, 99% used [0x00000000eab00000,0x00000000eb37ffb8,0x00000000eb380000)
  from space 1536K, 97% used [0x00000000eb600000,0x00000000eb778040,0x00000000eb780000)
  to   space 2560K, 0% used [0x00000000eb380000,0x00000000eb380000,0x00000000eb600000)
 ParOldGen       total 166912K, used 152344K [0x00000000c0000000, 0x00000000ca300000, 0x00000000eab00000)
  object space 166912K, 91% used [0x00000000c0000000,0x00000000c94c61a0,0x00000000ca300000)
 Metaspace       used 94565K, committed 95936K, reserved 1179648K
  class space    used 9576K, committed 10240K, reserved 1048576K
}
Event: 2187.122 GC heap after
{Heap after GC invocations=3488 (full 33):
 PSYoungGen      total 10752K, used 1952K [0x00000000eab00000, 0x00000000eb780000, 0x0000000100000000)
  eden space 8704K, 0% used [0x00000000eab00000,0x00000000eab00000,0x00000000eb380000)
  from space 2048K, 95% used [0x00000000eb380000,0x00000000eb568060,0x00000000eb580000)
  to   space 2048K, 0% used [0x00000000eb580000,0x00000000eb580000,0x00000000eb780000)
 ParOldGen       total 166912K, used 152368K [0x00000000c0000000, 0x00000000ca300000, 0x00000000eab00000)
  object space 166912K, 91% used [0x00000000c0000000,0x00000000c94cc1a0,0x00000000ca300000)
 Metaspace       used 94565K, committed 95936K, reserved 1179648K
  class space    used 9576K, committed 10240K, reserved 1048576K
}
Event: 2189.310 GC heap before
{Heap before GC invocations=3489 (full 33):
 PSYoungGen      total 10752K, used 10656K [0x00000000eab00000, 0x00000000eb780000, 0x0000000100000000)
  eden space 8704K, 100% used [0x00000000eab00000,0x00000000eb380000,0x00000000eb380000)
  from space 2048K, 95% used [0x00000000eb380000,0x00000000eb568060,0x00000000eb580000)
  to   space 2048K, 0% used [0x00000000eb580000,0x00000000eb580000,0x00000000eb780000)
 ParOldGen       total 166912K, used 152368K [0x00000000c0000000, 0x00000000ca300000, 0x00000000eab00000)
  object space 166912K, 91% used [0x00000000c0000000,0x00000000c94cc1a0,0x00000000ca300000)
 Metaspace       used 94565K, committed 95936K, reserved 1179648K
  class space    used 9576K, committed 10240K, reserved 1048576K
}
Event: 2189.317 GC heap after
{Heap after GC invocations=3489 (full 33):
 PSYoungGen      total 9728K, used 2016K [0x00000000eab00000, 0x00000000eb980000, 0x0000000100000000)
  eden space 7680K, 0% used [0x00000000eab00000,0x00000000eab00000,0x00000000eb280000)
  from space 2048K, 98% used [0x00000000eb580000,0x00000000eb778040,0x00000000eb780000)
  to   space 3072K, 0% used [0x00000000eb280000,0x00000000eb280000,0x00000000eb580000)
 ParOldGen       total 166912K, used 152895K [0x00000000c0000000, 0x00000000ca300000, 0x00000000eab00000)
  object space 166912K, 91% used [0x00000000c0000000,0x00000000c954fc50,0x00000000ca300000)
 Metaspace       used 94565K, committed 95936K, reserved 1179648K
  class space    used 9576K, committed 10240K, reserved 1048576K
}
Event: 2189.912 GC heap before
{Heap before GC invocations=3490 (full 33):
 PSYoungGen      total 9728K, used 9696K [0x00000000eab00000, 0x00000000eb980000, 0x0000000100000000)
  eden space 7680K, 100% used [0x00000000eab00000,0x00000000eb280000,0x00000000eb280000)
  from space 2048K, 98% used [0x00000000eb580000,0x00000000eb778040,0x00000000eb780000)
  to   space 3072K, 0% used [0x00000000eb280000,0x00000000eb280000,0x00000000eb580000)
 ParOldGen       total 166912K, used 152895K [0x00000000c0000000, 0x00000000ca300000, 0x00000000eab00000)
  object space 166912K, 91% used [0x00000000c0000000,0x00000000c954fc50,0x00000000ca300000)
 Metaspace       used 94565K, committed 95936K, reserved 1179648K
  class space    used 9576K, committed 10240K, reserved 1048576K
}
Event: 2189.919 GC heap after
{Heap after GC invocations=3490 (full 33):
 PSYoungGen      total 10752K, used 2624K [0x00000000eab00000, 0x00000000eb880000, 0x0000000100000000)
  eden space 7680K, 0% used [0x00000000eab00000,0x00000000eab00000,0x00000000eb280000)
  from space 3072K, 85% used [0x00000000eb280000,0x00000000eb5100a0,0x00000000eb580000)
  to   space 3072K, 0% used [0x00000000eb580000,0x00000000eb580000,0x00000000eb880000)
 ParOldGen       total 166912K, used 152895K [0x00000000c0000000, 0x00000000ca300000, 0x00000000eab00000)
  object space 166912K, 91% used [0x00000000c0000000,0x00000000c954fc50,0x00000000ca300000)
 Metaspace       used 94565K, committed 95936K, reserved 1179648K
  class space    used 9576K, committed 10240K, reserved 1048576K
}
Event: 2190.404 GC heap before
{Heap before GC invocations=3491 (full 33):
 PSYoungGen      total 10752K, used 10304K [0x00000000eab00000, 0x00000000eb880000, 0x0000000100000000)
  eden space 7680K, 100% used [0x00000000eab00000,0x00000000eb280000,0x00000000eb280000)
  from space 3072K, 85% used [0x00000000eb280000,0x00000000eb5100a0,0x00000000eb580000)
  to   space 3072K, 0% used [0x00000000eb580000,0x00000000eb580000,0x00000000eb880000)
 ParOldGen       total 166912K, used 152895K [0x00000000c0000000, 0x00000000ca300000, 0x00000000eab00000)
  object space 166912K, 91% used [0x00000000c0000000,0x00000000c954fc50,0x00000000ca300000)
 Metaspace       used 94565K, committed 95936K, reserved 1179648K
  class space    used 9576K, committed 10240K, reserved 1048576K
}
Event: 2190.411 GC heap after
{Heap after GC invocations=3491 (full 33):
 PSYoungGen      total 10240K, used 2448K [0x00000000eab00000, 0x00000000eb800000, 0x0000000100000000)
  eden space 7680K, 0% used [0x00000000eab00000,0x00000000eab00000,0x00000000eb280000)
  from space 2560K, 95% used [0x00000000eb580000,0x00000000eb7e4070,0x00000000eb800000)
  to   space 2560K, 0% used [0x00000000eb300000,0x00000000eb300000,0x00000000eb580000)
 ParOldGen       total 166912K, used 152895K [0x00000000c0000000, 0x00000000ca300000, 0x00000000eab00000)
  object space 166912K, 91% used [0x00000000c0000000,0x00000000c954fc50,0x00000000ca300000)
 Metaspace       used 94565K, committed 95936K, reserved 1179648K
  class space    used 9576K, committed 10240K, reserved 1048576K
}
Event: 2190.746 GC heap before
{Heap before GC invocations=3492 (full 33):
 PSYoungGen      total 10240K, used 10128K [0x00000000eab00000, 0x00000000eb800000, 0x0000000100000000)
  eden space 7680K, 100% used [0x00000000eab00000,0x00000000eb280000,0x00000000eb280000)
  from space 2560K, 95% used [0x00000000eb580000,0x00000000eb7e4070,0x00000000eb800000)
  to   space 2560K, 0% used [0x00000000eb300000,0x00000000eb300000,0x00000000eb580000)
 ParOldGen       total 166912K, used 152895K [0x00000000c0000000, 0x00000000ca300000, 0x00000000eab00000)
  object space 166912K, 91% used [0x00000000c0000000,0x00000000c954fc50,0x00000000ca300000)
 Metaspace       used 94565K, committed 95936K, reserved 1179648K
  class space    used 9576K, committed 10240K, reserved 1048576K
}
Event: 2190.754 GC heap after
{Heap after GC invocations=3492 (full 33):
 PSYoungGen      total 10240K, used 2544K [0x00000000eab00000, 0x00000000eb880000, 0x0000000100000000)
  eden space 7680K, 0% used [0x00000000eab00000,0x00000000eab00000,0x00000000eb280000)
  from space 2560K, 99% used [0x00000000eb300000,0x00000000eb57c070,0x00000000eb580000)
  to   space 3072K, 0% used [0x00000000eb580000,0x00000000eb580000,0x00000000eb880000)
 ParOldGen       total 166912K, used 153127K [0x00000000c0000000, 0x00000000ca300000, 0x00000000eab00000)
  object space 166912K, 91% used [0x00000000c0000000,0x00000000c9589c90,0x00000000ca300000)
 Metaspace       used 94565K, committed 95936K, reserved 1179648K
  class space    used 9576K, committed 10240K, reserved 1048576K
}
Event: 2191.320 GC heap before
{Heap before GC invocations=3493 (full 33):
 PSYoungGen      total 10240K, used 10224K [0x00000000eab00000, 0x00000000eb880000, 0x0000000100000000)
  eden space 7680K, 100% used [0x00000000eab00000,0x00000000eb280000,0x00000000eb280000)
  from space 2560K, 99% used [0x00000000eb300000,0x00000000eb57c070,0x00000000eb580000)
  to   space 3072K, 0% used [0x00000000eb580000,0x00000000eb580000,0x00000000eb880000)
 ParOldGen       total 166912K, used 153127K [0x00000000c0000000, 0x00000000ca300000, 0x00000000eab00000)
  object space 166912K, 91% used [0x00000000c0000000,0x00000000c9589c90,0x00000000ca300000)
 Metaspace       used 94565K, committed 95936K, reserved 1179648K
  class space    used 9576K, committed 10240K, reserved 1048576K
}

